Determining if the pthread_create exist failed with the following output:
Change Dir: /home/rohan/catkin_ws/build/CMakeFiles/CMakeTmp

Run Build Command:"/usr/bin/make" "cmTC_43bdb/fast"
/usr/bin/make -f CMakeFiles/cmTC_43bdb.dir/build.make CMakeFiles/cmTC_43bdb.dir/build
make[1]: Entering directory '/home/rohan/catkin_ws/build/CMakeFiles/CMakeTmp'
Building C object CMakeFiles/cmTC_43bdb.dir/CheckSymbolExists.c.o
/usr/bin/cc    -o CMakeFiles/cmTC_43bdb.dir/CheckSymbolExists.c.o   -c /home/rohan/catkin_ws/build/CMakeFiles/CMakeTmp/CheckSymbolExists.c
Linking C executable cmTC_43bdb
/usr/bin/cmake -E cmake_link_script CMakeFiles/cmTC_43bdb.dir/link.txt --verbose=1
/usr/bin/cc      -rdynamic CMakeFiles/cmTC_43bdb.dir/CheckSymbolExists.c.o  -o cmTC_43bdb 
CMakeFiles/cmTC_43bdb.dir/CheckSymbolExists.c.o: In function `main':
CheckSymbolExists.c:(.text+0x1b): undefined reference to `pthread_create'
collect2: error: ld returned 1 exit status
CMakeFiles/cmTC_43bdb.dir/build.make:97: recipe for target 'cmTC_43bdb' failed
make[1]: *** [cmTC_43bdb] Error 1
make[1]: Leaving directory '/home/rohan/catkin_ws/build/CMakeFiles/CMakeTmp'
Makefile:126: recipe for target 'cmTC_43bdb/fast' failed
make: *** [cmTC_43bdb/fast] Error 2

File /home/rohan/catkin_ws/build/CMakeFiles/CMakeTmp/CheckSymbolExists.c:
/* */
#include <pthread.h>

int main(int argc, char** argv)
{
  (void)argv;
#ifndef pthread_create
  return ((int*)(&pthread_create))[argc];
#else
  (void)argc;
  return 0;
#endif
}

Determining if the function pthread_create exists in the pthreads failed with the following output:
Change Dir: /home/rohan/catkin_ws/build/CMakeFiles/CMakeTmp

Run Build Command:"/usr/bin/make" "cmTC_510ce/fast"
/usr/bin/make -f CMakeFiles/cmTC_510ce.dir/build.make CMakeFiles/cmTC_510ce.dir/build
make[1]: Entering directory '/home/rohan/catkin_ws/build/CMakeFiles/CMakeTmp'
Building C object CMakeFiles/cmTC_510ce.dir/CheckFunctionExists.c.o
/usr/bin/cc   -DCHECK_FUNCTION_EXISTS=pthread_create   -o CMakeFiles/cmTC_510ce.dir/CheckFunctionExists.c.o   -c /usr/share/cmake-3.10/Modules/CheckFunctionExists.c
Linking C executable cmTC_510ce
/usr/bin/cmake -E cmake_link_script CMakeFiles/cmTC_510ce.dir/link.txt --verbose=1
/usr/bin/cc  -DCHECK_FUNCTION_EXISTS=pthread_create    -rdynamic CMakeFiles/cmTC_510ce.dir/CheckFunctionExists.c.o  -o cmTC_510ce -lpthreads 
/usr/bin/ld: cannot find -lpthreads
collect2: error: ld returned 1 exit status
CMakeFiles/cmTC_510ce.dir/build.make:97: recipe for target 'cmTC_510ce' failed
make[1]: *** [cmTC_510ce] Error 1
make[1]: Leaving directory '/home/rohan/catkin_ws/build/CMakeFiles/CMakeTmp'
Makefile:126: recipe for target 'cmTC_510ce/fast' failed
make: *** [cmTC_510ce/fast] Error 2


